2026-03-12 22:28:07,595 INFO nimbus: NIMBUS starting — log path: /Users/srishabh/Monarch/nimbus/nimbus_v6_axisfix/data/nimbus.log
2026-03-12 22:28:09,208 INFO nimbus: Font file not found (optional): /Users/srishabh/Monarch/nimbus/nimbus_v6_axisfix/assets/JetBrainsMono-Regular.ttf
2026-03-12 22:28:09,208 INFO nimbus: Font file not found (optional): /Users/srishabh/Monarch/nimbus/nimbus_v6_axisfix/assets/JetBrainsMono-Bold.ttf
2026-03-12 22:28:09,293 WARNING nimbus: JetBrains Mono: NOT available — place .ttf files in assets/ for best rendering
2026-03-12 22:28:09,293 INFO nimbus: modules/ imported successfully ✓
2026-03-12 22:28:09,304 INFO ui.data_manager: DataManager initialised
2026-03-12 22:28:09,308 INFO ui.watchlist_db: Watchlist DB ready: /Users/srishabh/Monarch/nimbus/nimbus_v6_axisfix/ui/../data/watchlist.db
2026-03-12 22:28:09,874 INFO ui.workers: UniverseWorker start
2026-03-12 22:28:09,935 INFO ui.kite_manager: Kite daily check scheduled for 2026-03-13 09:00 IST (in 631 min)
2026-03-12 22:28:09,936 INFO ui.main_window: MainWindow initialised — Phase 7 ready
2026-03-12 22:28:10,040 INFO nimbus: MainWindow shown — Phase 0 gate open
2026-03-12 22:28:10,375 INFO ui.main_window: Auto-loading initial symbol: NIFTY
2026-03-12 22:28:10,375 INFO ui.main_window: Symbol changed → immediate pipeline: NIFTY
2026-03-12 22:28:10,375 INFO ui.data_manager: DataManager.refresh: NIFTY (fetch_options=True)
2026-03-12 22:28:10,376 INFO ui.workers: PriceWorker start: NIFTY
2026-03-12 22:28:10,376 INFO ui.workers: OptionsWorker start: NIFTY
2026-03-12 22:28:10,411 INFO ui.workers: UniverseWorker done: 211 symbols in 0.5s
2026-03-12 22:28:10,414 INFO ui.data_manager: Universe ready: 211 symbols
2026-03-12 22:28:10,414 INFO ui.main_window: Universe loaded: 211 symbols
2026-03-12 22:28:11,459 INFO ui.workers: PriceWorker done: NIFTY in 1.1s (120 bars)
2026-03-12 22:28:11,697 INFO ui.kite_manager: No Kite session file — yfinance fallback
2026-03-12 22:28:11,698 INFO ui.main_window: Kite unavailable (No session file) — yfinance polling active
2026-03-12 22:28:11,698 INFO ui.data_manager: Price ready: NIFTY — ✓ ^NSEI · 120 × 4h bars
2026-03-12 22:28:11,698 INFO ui.main_window: Spot updated: NIFTY = 23639.35
2026-03-12 22:28:11,734 INFO ui.main_window: PriceSignals ready: NIFTY — WR=-96.5 bias=BEARISH pos=MID_BAND_BROKEN vol=EXPANDED
2026-03-12 22:28:11,734 INFO ui.data_manager: Analytics complete: NIFTY — viability=50 sizing=HALF label=NEUTRAL
2026-03-12 22:28:12,039 INFO ui.main_window: Context ready: NIFTY — score=50 sizing=HALF label=NEUTRAL regime=UNKNOWN
2026-03-12 22:28:12,368 INFO ui.workers: OptionsWorker done: NIFTY in 2.0s (389 rows)
2026-03-12 22:28:12,369 INFO ui.data_manager: Options ready: NIFTY — ✓ 3 expiries downloaded for NIFTY
2026-03-12 22:28:16,232 INFO ui.data_manager: Analytics complete: NIFTY — viability=47 sizing=SKIP label=AVOID
2026-03-12 22:28:16,534 INFO ui.main_window: Context ready: NIFTY — score=47 sizing=SKIP label=AVOID regime=TREND-FRIENDLY
2026-03-12 22:30:13,235 ERROR yfinance: 
1 Failed download:
2026-03-12 22:30:13,236 ERROR yfinance: ['NIFTYIT.NS']: YFPricesMissingError('possibly delisted; no price data found  (1d 2026-02-25 -> 2026-03-12)')
2026-03-12 22:33:10,606 INFO ui.data_manager: Auto-refresh skipped: market closed
2026-03-12 22:33:35,834 ERROR yfinance: 
1 Failed download:
2026-03-12 22:33:35,835 ERROR yfinance: ['NIFTYIT.NS']: YFPricesMissingError('possibly delisted; no price data found  (1d 2026-02-25 -> 2026-03-12)')
2026-03-12 22:33:39,607 INFO ui.data_manager: Freshness → STALE
2026-03-12 22:34:08,787 INFO ui.sidebar: Symbol selected from combo: HINDALCO
2026-03-12 22:34:08,788 INFO ui.main_window: Symbol changed → immediate pipeline: HINDALCO
2026-03-12 22:34:08,791 INFO ui.data_manager: DataManager.refresh: HINDALCO (fetch_options=True)
2026-03-12 22:34:08,792 INFO ui.workers: PriceWorker start: HINDALCO
2026-03-12 22:34:08,794 INFO ui.workers: OptionsWorker start: HINDALCO
2026-03-12 22:34:09,168 INFO ui.workers: PriceWorker done: HINDALCO in 0.4s (120 bars)
2026-03-12 22:34:09,168 INFO ui.data_manager: Price ready: HINDALCO — ✓ HINDALCO.NS · 120 × 4h bars
2026-03-12 22:34:09,168 INFO ui.main_window: Spot updated: HINDALCO = 968.20
2026-03-12 22:34:09,258 INFO ui.main_window: PriceSignals ready: HINDALCO — WR=-14.9 bias=BULLISH pos=CONSOLIDATING vol=NORMAL
2026-03-12 22:34:09,258 INFO ui.data_manager: Analytics complete: HINDALCO — viability=50 sizing=HALF label=NEUTRAL
2026-03-12 22:34:09,752 INFO ui.main_window: Context ready: HINDALCO — score=50 sizing=HALF label=NEUTRAL regime=UNKNOWN
2026-03-12 22:34:11,700 INFO ui.workers: OptionsWorker done: HINDALCO in 2.9s (72 rows)
2026-03-12 22:34:11,701 INFO ui.data_manager: Options ready: HINDALCO — ✓ 3 expiries downloaded for HINDALCO
2026-03-12 22:34:12,002 INFO ui.data_manager: Analytics complete: HINDALCO — viability=82 sizing=HALF label=CAUTION
2026-03-12 22:34:12,457 INFO ui.main_window: Context ready: HINDALCO — score=82 sizing=HALF label=CAUTION regime=NEUTRAL
2026-03-12 22:39:08,608 INFO ui.data_manager: Auto-refresh skipped: market closed
2026-03-12 22:39:09,611 INFO ui.data_manager: Freshness → STALE
2026-03-12 22:44:08,608 INFO ui.data_manager: Auto-refresh skipped: market closed
2026-03-12 22:49:08,611 INFO ui.data_manager: Auto-refresh skipped: market closed
2026-03-12 22:54:08,611 INFO ui.data_manager: Auto-refresh skipped: market closed
2026-03-12 22:59:08,613 INFO ui.data_manager: Auto-refresh skipped: market closed
2026-03-12 23:04:08,612 INFO ui.data_manager: Auto-refresh skipped: market closed
2026-03-12 23:08:02,025 ERROR yfinance: 
1 Failed download:
2026-03-12 23:08:02,027 ERROR yfinance: ['NIFTYIT.NS']: YFPricesMissingError('possibly delisted; no price data found  (1d 2026-02-25 -> 2026-03-12)')
2026-03-12 23:09:08,615 INFO ui.data_manager: Auto-refresh skipped: market closed
2026-03-12 23:10:03,354 INFO ui.sidebar: Symbol selected from combo: LT
2026-03-12 23:10:03,357 INFO ui.main_window: Symbol changed → immediate pipeline: LT
2026-03-12 23:10:03,360 INFO ui.data_manager: DataManager.refresh: LT (fetch_options=True)
2026-03-12 23:10:03,362 INFO ui.workers: PriceWorker start: LT
2026-03-12 23:10:03,365 INFO ui.workers: OptionsWorker start: LT
2026-03-12 23:10:03,708 INFO ui.workers: PriceWorker done: LT in 0.3s (120 bars)
2026-03-12 23:10:03,709 INFO ui.data_manager: Price ready: LT — ✓ LT.NS · 120 × 4h bars
2026-03-12 23:10:03,709 INFO ui.main_window: Spot updated: LT = 3716.50
2026-03-12 23:10:03,802 INFO ui.main_window: PriceSignals ready: LT — WR=-98.6 bias=BEARISH pos=MID_BAND_BROKEN vol=NORMAL
2026-03-12 23:10:03,802 INFO ui.data_manager: Analytics complete: LT — viability=50 sizing=HALF label=NEUTRAL
2026-03-12 23:10:04,316 INFO ui.main_window: Context ready: LT — score=50 sizing=HALF label=NEUTRAL regime=UNKNOWN
2026-03-12 23:10:06,011 INFO ui.workers: OptionsWorker done: LT in 2.6s (171 rows)
2026-03-12 23:10:06,032 INFO ui.data_manager: Options ready: LT — ✓ 3 expiries downloaded for LT
2026-03-12 23:10:07,362 INFO ui.data_manager: Analytics complete: LT — viability=22 sizing=SKIP label=AVOID
2026-03-12 23:10:07,802 INFO ui.main_window: Context ready: LT — score=22 sizing=SKIP label=AVOID regime=NEUTRAL
2026-03-12 23:11:30,135 INFO ui.sidebar: Symbol selected from combo: ONGC
2026-03-12 23:11:30,137 INFO ui.main_window: Symbol changed → immediate pipeline: ONGC
2026-03-12 23:11:30,139 INFO ui.data_manager: DataManager.refresh: ONGC (fetch_options=True)
2026-03-12 23:11:30,140 INFO ui.workers: PriceWorker start: ONGC
2026-03-12 23:11:30,141 INFO ui.workers: OptionsWorker start: ONGC
2026-03-12 23:11:30,482 INFO ui.workers: PriceWorker done: ONGC in 0.3s (120 bars)
2026-03-12 23:11:30,482 INFO ui.data_manager: Price ready: ONGC — ✓ ONGC.NS · 120 × 4h bars
2026-03-12 23:11:30,482 INFO ui.main_window: Spot updated: ONGC = 270.60
2026-03-12 23:11:30,565 INFO ui.main_window: PriceSignals ready: ONGC — WR=-74.7 bias=BEARISH pos=MID_BAND_BROKEN vol=NORMAL
2026-03-12 23:11:30,565 INFO ui.data_manager: Analytics complete: ONGC — viability=50 sizing=HALF label=NEUTRAL
2026-03-12 23:11:30,940 INFO ui.main_window: Context ready: ONGC — score=50 sizing=HALF label=NEUTRAL regime=UNKNOWN
2026-03-12 23:11:32,730 INFO ui.workers: OptionsWorker done: ONGC in 2.6s (187 rows)
2026-03-12 23:11:32,731 INFO ui.data_manager: Options ready: ONGC — ✓ 3 expiries downloaded for ONGC
2026-03-12 23:11:36,409 INFO ui.data_manager: Analytics complete: ONGC — viability=22 sizing=SKIP label=AVOID
2026-03-12 23:11:36,787 INFO ui.main_window: Context ready: ONGC — score=22 sizing=SKIP label=AVOID regime=NEUTRAL
2026-03-12 23:12:08,569 INFO ui.sidebar: Symbol selected from combo: PERSISTENT
2026-03-12 23:12:08,570 INFO ui.main_window: Symbol changed → immediate pipeline: PERSISTENT
2026-03-12 23:12:08,571 INFO ui.data_manager: DataManager.refresh: PERSISTENT (fetch_options=True)
2026-03-12 23:12:08,572 INFO ui.workers: PriceWorker start: PERSISTENT
2026-03-12 23:12:08,572 INFO ui.workers: OptionsWorker start: PERSISTENT
2026-03-12 23:12:08,889 INFO ui.workers: PriceWorker done: PERSISTENT in 0.3s (120 bars)
2026-03-12 23:12:08,889 INFO ui.data_manager: Price ready: PERSISTENT — ✓ PERSISTENT.NS · 120 × 4h bars
2026-03-12 23:12:08,890 INFO ui.main_window: Spot updated: PERSISTENT = 4714.40
2026-03-12 23:12:08,967 INFO ui.main_window: PriceSignals ready: PERSISTENT — WR=-80.1 bias=BEARISH pos=MID_BAND_BROKEN vol=SQUEEZE
2026-03-12 23:12:08,968 INFO ui.data_manager: Analytics complete: PERSISTENT — viability=50 sizing=HALF label=NEUTRAL
2026-03-12 23:12:09,339 INFO ui.main_window: Context ready: PERSISTENT — score=50 sizing=HALF label=NEUTRAL regime=UNKNOWN
2026-03-12 23:12:11,278 INFO ui.workers: OptionsWorker done: PERSISTENT in 2.7s (54 rows)
2026-03-12 23:12:11,280 INFO ui.data_manager: Options ready: PERSISTENT — ✓ 3 expiries downloaded for PERSISTENT
2026-03-12 23:12:11,515 INFO ui.data_manager: Analytics complete: PERSISTENT — viability=17 sizing=SKIP label=AVOID
2026-03-12 23:12:11,854 INFO ui.main_window: Context ready: PERSISTENT — score=17 sizing=SKIP label=AVOID regime=PINNING
2026-03-12 23:12:25,820 INFO ui.sidebar: Symbol selected from combo: MIDCPNIFTY
2026-03-12 23:12:25,822 INFO ui.main_window: Symbol changed → immediate pipeline: MIDCPNIFTY
2026-03-12 23:12:25,824 INFO ui.data_manager: DataManager.refresh: MIDCPNIFTY (fetch_options=True)
2026-03-12 23:12:25,825 INFO ui.workers: PriceWorker start: MIDCPNIFTY
2026-03-12 23:12:25,825 INFO ui.workers: OptionsWorker start: MIDCPNIFTY
2026-03-12 23:12:27,102 ERROR yfinance: 
1 Failed download:
2026-03-12 23:12:27,105 ERROR yfinance: ['^CNXMIDCAP']: HTTPError('HTTP Error 404: ')
2026-03-12 23:12:27,714 ERROR yfinance: 
1 Failed download:
2026-03-12 23:12:27,715 ERROR yfinance: ['^CNXMIDCAP']: HTTPError('HTTP Error 404: ')
2026-03-12 23:12:27,718 WARNING ui.workers: PriceWorker empty: MIDCPNIFTY — No price data for ^CNXMIDCAP
2026-03-12 23:12:27,718 ERROR ui.data_manager: Price error: MIDCPNIFTY — No price data for ^CNXMIDCAP
2026-03-12 23:12:27,719 INFO ui.data_manager: Freshness → ERROR
2026-03-12 23:12:27,719 ERROR ui.main_window: Error for MIDCPNIFTY: Price: No price data for ^CNXMIDCAP
2026-03-12 23:12:28,588 INFO ui.workers: OptionsWorker done: MIDCPNIFTY in 2.8s (290 rows)
2026-03-12 23:12:28,589 INFO ui.data_manager: Options ready: MIDCPNIFTY — ✓ 3 expiries downloaded for MIDCPNIFTY
2026-03-12 23:12:35,370 INFO ui.main_window: Manual refresh: MIDCPNIFTY
2026-03-12 23:12:35,371 INFO ui.data_manager: DataManager.refresh: MIDCPNIFTY (fetch_options=True)
2026-03-12 23:12:35,372 INFO ui.workers: PriceWorker start: MIDCPNIFTY
2026-03-12 23:12:35,372 INFO ui.workers: OptionsWorker start: MIDCPNIFTY
2026-03-12 23:12:35,386 ERROR yfinance: 
1 Failed download:
2026-03-12 23:12:35,386 ERROR yfinance: ['^CNXMIDCAP']: YFTzMissingError('possibly delisted; no timezone found')
2026-03-12 23:12:35,404 ERROR yfinance: 
1 Failed download:
2026-03-12 23:12:35,404 ERROR yfinance: ['^CNXMIDCAP']: YFTzMissingError('possibly delisted; no timezone found')
2026-03-12 23:12:35,407 WARNING ui.workers: PriceWorker empty: MIDCPNIFTY — No price data for ^CNXMIDCAP
2026-03-12 23:12:35,407 ERROR ui.data_manager: Price error: MIDCPNIFTY — No price data for ^CNXMIDCAP
2026-03-12 23:12:35,407 ERROR ui.main_window: Error for MIDCPNIFTY: Price: No price data for ^CNXMIDCAP
2026-03-12 23:12:37,038 INFO ui.workers: OptionsWorker done: MIDCPNIFTY in 1.7s (290 rows)
2026-03-12 23:12:37,039 INFO ui.data_manager: Options ready: MIDCPNIFTY — ✓ 3 expiries downloaded for MIDCPNIFTY
2026-03-12 23:12:51,974 ERROR yfinance: 
1 Failed download:
2026-03-12 23:12:51,974 ERROR yfinance: ['NIFTYIT.NS']: YFPricesMissingError('possibly delisted; no price data found  (1d 2026-02-25 -> 2026-03-12)')
2026-03-12 23:13:00,704 INFO ui.sidebar: Symbol selected from combo: ICICIBANK
2026-03-12 23:13:00,705 INFO ui.main_window: Symbol changed → immediate pipeline: ICICIBANK
2026-03-12 23:13:00,706 INFO ui.data_manager: DataManager.refresh: ICICIBANK (fetch_options=True)
2026-03-12 23:13:00,707 INFO ui.workers: PriceWorker start: ICICIBANK
2026-03-12 23:13:00,707 INFO ui.workers: OptionsWorker start: ICICIBANK
2026-03-12 23:13:01,077 INFO ui.workers: PriceWorker done: ICICIBANK in 0.4s (120 bars)
2026-03-12 23:13:01,077 INFO ui.data_manager: Price ready: ICICIBANK — ✓ ICICIBANK.NS · 120 × 4h bars
2026-03-12 23:13:01,077 INFO ui.main_window: Spot updated: ICICIBANK = 1266.50
2026-03-12 23:13:01,156 INFO ui.main_window: PriceSignals ready: ICICIBANK — WR=-90.7 bias=BEARISH pos=MID_BAND_BROKEN vol=EXPANDED
2026-03-12 23:13:01,156 INFO ui.data_manager: Analytics complete: ICICIBANK — viability=50 sizing=HALF label=NEUTRAL
2026-03-12 23:13:01,490 INFO ui.main_window: Context ready: ICICIBANK — score=50 sizing=HALF label=NEUTRAL regime=UNKNOWN
2026-03-12 23:13:03,415 INFO ui.workers: OptionsWorker done: ICICIBANK in 2.7s (107 rows)
2026-03-12 23:13:03,416 INFO ui.data_manager: Options ready: ICICIBANK — ✓ 3 expiries downloaded for ICICIBANK
2026-03-12 23:13:03,884 INFO ui.data_manager: Analytics complete: ICICIBANK — viability=22 sizing=SKIP label=AVOID
2026-03-12 23:13:04,238 INFO ui.main_window: Context ready: ICICIBANK — score=22 sizing=SKIP label=AVOID regime=NEUTRAL
2026-03-12 23:13:11,287 INFO ui.sidebar: Symbol selected from combo: DMART
2026-03-12 23:13:11,288 INFO ui.main_window: Symbol changed → immediate pipeline: DMART
2026-03-12 23:13:11,290 INFO ui.data_manager: DataManager.refresh: DMART (fetch_options=True)
2026-03-12 23:13:11,291 INFO ui.workers: PriceWorker start: DMART
2026-03-12 23:13:11,292 INFO ui.workers: OptionsWorker start: DMART
2026-03-12 23:13:11,628 INFO ui.workers: PriceWorker done: DMART in 0.3s (120 bars)
2026-03-12 23:13:11,628 INFO ui.data_manager: Price ready: DMART — ✓ DMART.NS · 120 × 4h bars
2026-03-12 23:13:11,629 INFO ui.main_window: Spot updated: DMART = 3942.40
2026-03-12 23:13:11,708 INFO ui.main_window: PriceSignals ready: DMART — WR=-19.4 bias=BULLISH pos=RIDING_UPPER vol=EXPANDED
2026-03-12 23:13:11,708 INFO ui.data_manager: Analytics complete: DMART — viability=50 sizing=HALF label=NEUTRAL
2026-03-12 23:13:12,107 INFO ui.main_window: Context ready: DMART — score=50 sizing=HALF label=NEUTRAL regime=UNKNOWN
2026-03-12 23:13:14,515 INFO ui.workers: OptionsWorker done: DMART in 3.2s (55 rows)
2026-03-12 23:13:14,516 INFO ui.data_manager: Options ready: DMART — ✓ 2 expiries downloaded for DMART
2026-03-12 23:13:14,703 INFO ui.data_manager: Analytics complete: DMART — viability=29 sizing=SKIP label=AVOID
2026-03-12 23:13:15,090 INFO ui.main_window: Context ready: DMART — score=29 sizing=SKIP label=AVOID regime=PINNING
2026-03-12 23:13:47,717 INFO ui.sidebar: Symbol selected from combo: CAMS
2026-03-12 23:13:47,720 INFO ui.main_window: Symbol changed → immediate pipeline: CAMS
2026-03-12 23:13:47,721 INFO ui.data_manager: DataManager.refresh: CAMS (fetch_options=True)
2026-03-12 23:13:47,722 INFO ui.workers: PriceWorker start: CAMS
2026-03-12 23:13:47,725 INFO ui.workers: OptionsWorker start: CAMS
2026-03-12 23:13:48,072 INFO ui.workers: PriceWorker done: CAMS in 0.4s (120 bars)
2026-03-12 23:13:48,072 INFO ui.data_manager: Price ready: CAMS — ✓ CAMS.NS · 120 × 4h bars
2026-03-12 23:13:48,073 INFO ui.main_window: Spot updated: CAMS = 664.20
2026-03-12 23:13:48,152 INFO ui.main_window: PriceSignals ready: CAMS — WR=-66.8 bias=BEARISH pos=RIDING_UPPER vol=NORMAL
2026-03-12 23:13:48,152 INFO ui.data_manager: Analytics complete: CAMS — viability=50 sizing=HALF label=NEUTRAL
2026-03-12 23:13:48,478 INFO ui.main_window: Context ready: CAMS — score=50 sizing=HALF label=NEUTRAL regime=UNKNOWN
2026-03-12 23:13:51,383 INFO ui.workers: OptionsWorker done: CAMS in 3.7s (65 rows)
2026-03-12 23:13:51,384 INFO ui.data_manager: Options ready: CAMS — ✓ 2 expiries downloaded for CAMS
2026-03-12 23:13:51,638 INFO ui.data_manager: Analytics complete: CAMS — viability=52 sizing=SKIP label=AVOID
2026-03-12 23:13:51,966 INFO ui.main_window: Context ready: CAMS — score=52 sizing=SKIP label=AVOID regime=NEUTRAL
2026-03-12 23:14:21,485 INFO ui.sidebar: Symbol selected from combo: BAJFINANCE
2026-03-12 23:14:21,486 INFO ui.main_window: Symbol changed → immediate pipeline: BAJFINANCE
2026-03-12 23:14:21,487 INFO ui.data_manager: DataManager.refresh: BAJFINANCE (fetch_options=True)
2026-03-12 23:14:21,488 INFO ui.workers: PriceWorker start: BAJFINANCE
2026-03-12 23:14:21,488 INFO ui.workers: OptionsWorker start: BAJFINANCE
2026-03-12 23:14:21,801 INFO ui.workers: PriceWorker done: BAJFINANCE in 0.3s (120 bars)
2026-03-12 23:14:21,801 INFO ui.data_manager: Price ready: BAJFINANCE — ✓ BAJFINANCE.NS · 120 × 4h bars
2026-03-12 23:14:21,802 INFO ui.main_window: Spot updated: BAJFINANCE = 862.05
2026-03-12 23:14:21,880 INFO ui.main_window: PriceSignals ready: BAJFINANCE — WR=-98.0 bias=BEARISH pos=MID_BAND_BROKEN vol=EXPANDED
2026-03-12 23:14:21,880 INFO ui.data_manager: Analytics complete: BAJFINANCE — viability=50 sizing=HALF label=NEUTRAL
2026-03-12 23:14:22,212 INFO ui.main_window: Context ready: BAJFINANCE — score=50 sizing=HALF label=NEUTRAL regime=UNKNOWN
2026-03-12 23:14:24,720 INFO ui.workers: OptionsWorker done: BAJFINANCE in 3.2s (102 rows)
2026-03-12 23:14:24,721 INFO ui.data_manager: Options ready: BAJFINANCE — ✓ 3 expiries downloaded for BAJFINANCE
2026-03-12 23:14:25,117 INFO ui.data_manager: Analytics complete: BAJFINANCE — viability=22 sizing=SKIP label=AVOID
2026-03-12 23:14:25,463 INFO ui.main_window: Context ready: BAJFINANCE — score=22 sizing=SKIP label=AVOID regime=NEUTRAL
2026-03-12 23:14:56,455 INFO ui.workers: ScanWorker start: 211 symbols, min_viab=50
